<?xml version="1.0" encoding="UTF-8"?>
<!-- Generated by org.testng.reporters.JUnitReportReporter -->
<testsuite hostname="INLEN8520067260" failures="0" tests="1" name="Test.LoginTest" time="8.369" errors="0" timestamp="2023-01-24T11:46:02 IST" skipped="0">
  <testcase classname="Test.LoginTest" name="Login" time="8.369"/>
  <system-out/>
</testsuite> <!-- Test.LoginTest -->
